<?xml version="1.0" encoding="UTF-8"?>
<testng-results skipped="0" failed="0" ignored="0" total="1" passed="1">
  <reporter-output>
  </reporter-output>
  <suite name="Default suite" duration-ms="8554" started-at="2018-10-21T17:26:00Z" finished-at="2018-10-21T17:26:09Z">
    <groups>
    </groups>
    <test name="Default test" duration-ms="8554" started-at="2018-10-21T17:26:00Z" finished-at="2018-10-21T17:26:09Z">
      <class name="test_maven.com.myappium.playground.AppTest">
        <test-method status="PASS" signature="test()[pri:0, instance:test_maven.com.myappium.playground.AppTest@87f383f]" name="test" duration-ms="8511" started-at="2018-10-21T17:26:00Z" finished-at="2018-10-21T17:26:09Z">
          <reporter-output>
          </reporter-output>
        </test-method> <!-- test -->
      </class> <!-- test_maven.com.myappium.playground.AppTest -->
    </test> <!-- Default test -->
  </suite> <!-- Default suite -->
</testng-results>
